0 info it worked if it ends with ok
1 verbose cli [ 'node', '/usr/local/bin/npm', 'install', '--global', 'gulp-cli' ]
2 info using npm@2.1.10
3 info using node@v0.10.33
4 silly cache add args [ 'gulp-cli', null ]
5 verbose cache add spec gulp-cli
6 silly cache add parsed spec { raw: 'gulp-cli',
6 silly cache add   scope: null,
6 silly cache add   name: 'gulp-cli',
6 silly cache add   rawSpec: '',
6 silly cache add   spec: '*',
6 silly cache add   type: 'range' }
7 verbose addNamed gulp-cli@*
8 silly addNamed semver.valid null
9 silly addNamed semver.validRange *
10 silly addNameRange { name: 'gulp-cli', range: '*', hasData: false }
11 silly mapToRegistry name gulp-cli
12 silly mapToRegistry using default registry
13 silly mapToRegistry registry https://registry.npmjs.org/
14 silly mapToRegistry uri https://registry.npmjs.org/gulp-cli
15 verbose addNameRange registry:https://registry.npmjs.org/gulp-cli not in flight; fetching
16 verbose request uri https://registry.npmjs.org/gulp-cli
17 verbose request no auth needed
18 info attempt registry request try #1 at 11:36:45
19 verbose request id 5c24bde65a08910e
20 verbose etag "6H8ES62WXZ0YVR3VX3E32T93N"
21 http request GET https://registry.npmjs.org/gulp-cli
22 http 304 https://registry.npmjs.org/gulp-cli
23 silly get cb [ 304,
23 silly get   { date: 'Fri, 24 Jun 2016 16:36:44 GMT',
23 silly get     via: '1.1 varnish',
23 silly get     'cache-control': 'max-age=300',
23 silly get     etag: '"6H8ES62WXZ0YVR3VX3E32T93N"',
23 silly get     age: '0',
23 silly get     connection: 'keep-alive',
23 silly get     'x-served-by': 'cache-lax1431-LAX',
23 silly get     'x-cache': 'HIT',
23 silly get     'x-cache-hits': '1',
23 silly get     'x-timer': 'S1466786204.209841,VS0,VE88',
23 silly get     vary: 'Accept-Encoding' } ]
24 verbose etag https://registry.npmjs.org/gulp-cli from cache
25 silly addNameRange number 2 { name: 'gulp-cli', range: '*', hasData: true }
26 silly addNameRange versions [ 'gulp-cli',
26 silly addNameRange   [ '0.1.0',
26 silly addNameRange     '0.1.3',
26 silly addNameRange     '0.1.4',
26 silly addNameRange     '0.1.5',
26 silly addNameRange     '0.2.0',
26 silly addNameRange     '0.3.0',
26 silly addNameRange     '1.0.0',
26 silly addNameRange     '1.1.0',
26 silly addNameRange     '1.1.1',
26 silly addNameRange     '1.2.0',
26 silly addNameRange     '1.2.1' ] ]
27 verbose addNamed gulp-cli@1.2.1
28 silly addNamed semver.valid 1.2.1
29 silly addNamed semver.validRange 1.2.1
30 silly cache afterAdd gulp-cli@1.2.1
31 verbose afterAdd /Users/eduardosanchez/.npm/gulp-cli/1.2.1/package/package.json not in flight; writing
32 verbose afterAdd /Users/eduardosanchez/.npm/gulp-cli/1.2.1/package/package.json written
33 silly install resolved [ { name: 'gulp-cli',
33 silly install resolved     version: '1.2.1',
33 silly install resolved     description: 'Command line interface for gulp',
33 silly install resolved     author:
33 silly install resolved      { name: 'Gulp Team',
33 silly install resolved        email: 'team@gulpjs.com',
33 silly install resolved        url: 'http://gulpjs.com/' },
33 silly install resolved     contributors: [],
33 silly install resolved     homepage: 'http://gulpjs.com',
33 silly install resolved     repository:
33 silly install resolved      { type: 'git',
33 silly install resolved        url: 'git+https://github.com/gulpjs/gulp-cli.git' },
33 silly install resolved     license: 'MIT',
33 silly install resolved     man: [ 'gulp.1' ],
33 silly install resolved     engines: { node: '>= 0.10' },
33 silly install resolved     main: 'index.js',
33 silly install resolved     bin: { gulp: 'bin/gulp.js' },
33 silly install resolved     files: [ 'index.js', 'lib', 'bin', 'completion', 'gulp.1' ],
33 silly install resolved     scripts:
33 silly install resolved      { coveralls: 'lab -r lcov | coveralls',
33 silly install resolved        lint: 'eslint . && jscs index.js bin/ lib/ test/',
33 silly install resolved        prepublish: 'marked-man --name gulp docs/CLI.md > gulp.1',
33 silly install resolved        pretest: 'npm run lint',
33 silly install resolved        test: 'lab test/*.js -cv' },
33 silly install resolved     dependencies:
33 silly install resolved      { archy: '^1.0.0',
33 silly install resolved        chalk: '^1.1.0',
33 silly install resolved        'fancy-log': '^1.1.0',
33 silly install resolved        gulplog: '^1.0.0',
33 silly install resolved        interpret: '^1.0.0',
33 silly install resolved        liftoff: '^2.1.0',
33 silly install resolved        'lodash.sortby': '^4.0.1',
33 silly install resolved        matchdep: '^1.0.0',
33 silly install resolved        'mute-stdout': '^1.0.0',
33 silly install resolved        'pretty-hrtime': '^1.0.0',
33 silly install resolved        'semver-greatest-satisfied-range': '^1.0.0',
33 silly install resolved        tildify: '^1.0.0',
33 silly install resolved        v8flags: '^2.0.9',
33 silly install resolved        wreck: '^6.3.0',
33 silly install resolved        yargs: '^3.28.0' },
33 silly install resolved     devDependencies:
33 silly install resolved      { 'babel-preset-es2015': '^6.5.0',
33 silly install resolved        'babel-register': '^6.5.1',
33 silly install resolved        code: '^1.2.1',
33 silly install resolved        coveralls: '^2.7.0',
33 silly install resolved        eslint: '^1.7.3',
33 silly install resolved        'eslint-config-gulp': '^2.0.0',
33 silly install resolved        'fs-extra': '^0.26.1',
33 silly install resolved        gulp: 'github:gulpjs/gulp#4.0',
33 silly install resolved        jscs: '^2.3.5',
33 silly install resolved        'jscs-preset-gulp': '^1.0.0',
33 silly install resolved        lab: '^6.2.0',
33 silly install resolved        'marked-man': '^0.1.3' },
33 silly install resolved     keywords: [ 'build', 'stream', 'system', 'make', 'tool', 'asset', 'pipeline' ],
33 silly install resolved     gitHead: 'fef30d8de1dc32437fe796c7c07e94e58abd71bb',
33 silly install resolved     bugs: { url: 'https://github.com/gulpjs/gulp-cli/issues' },
33 silly install resolved     _id: 'gulp-cli@1.2.1',
33 silly install resolved     _shasum: '9fd52c50e44fe8eb04a54b3cee23d4a021e3fd3d',
33 silly install resolved     _from: 'gulp-cli@*',
33 silly install resolved     _npmVersion: '2.14.14',
33 silly install resolved     _nodeVersion: '0.10.41',
33 silly install resolved     _npmUser: { name: 'phated', email: 'blaine@iceddev.com' },
33 silly install resolved     maintainers: [ [Object], [Object] ],
33 silly install resolved     dist:
33 silly install resolved      { shasum: '9fd52c50e44fe8eb04a54b3cee23d4a021e3fd3d',
33 silly install resolved        tarball: 'https://registry.npmjs.org/gulp-cli/-/gulp-cli-1.2.1.tgz' },
33 silly install resolved     _npmOperationalInternal:
33 silly install resolved      { host: 'packages-6-west.internal.npmjs.com',
33 silly install resolved        tmp: 'tmp/gulp-cli-1.2.1.tgz_1455051669450_0.3080240413546562' },
33 silly install resolved     directories: {},
33 silly install resolved     _resolved: 'https://registry.npmjs.org/gulp-cli/-/gulp-cli-1.2.1.tgz',
33 silly install resolved     readme: 'ERROR: No README data found!' } ]
34 info install gulp-cli@1.2.1 into /usr/local/lib
35 info installOne gulp-cli@1.2.1
36 verbose installOne of gulp-cli to /usr/local/lib not in flight; installing
37 verbose lock using /Users/eduardosanchez/.npm/_locks/gulp-cli-9387f74fd11e9bcf.lock for /usr/local/lib/node_modules/gulp-cli
38 silly install write writing gulp-cli 1.2.1 to /usr/local/lib/node_modules/gulp-cli
39 silly cache addNamed cb gulp-cli@1.2.1
40 verbose unbuild lib/node_modules/gulp-cli
41 verbose gentlyRm vacuuming /usr/local/lib/node_modules/gulp-cli
42 verbose tar unpack /Users/eduardosanchez/.npm/gulp-cli/1.2.1/package.tgz
43 verbose tar unpacking to /usr/local/lib/node_modules/gulp-cli
44 verbose gentlyRm vacuuming /usr/local/lib/node_modules/gulp-cli
45 silly gunzTarPerm modes [ '755', '644' ]
46 error tar.unpack untar error /Users/eduardosanchez/.npm/gulp-cli/1.2.1/package.tgz
47 verbose unlock done using /Users/eduardosanchez/.npm/_locks/gulp-cli-9387f74fd11e9bcf.lock for /usr/local/lib/node_modules/gulp-cli
48 verbose fstream_path /usr/local/lib/node_modules/gulp-cli
49 verbose fstream_type Directory
50 verbose fstream_class DirWriter
51 verbose stack Error: EACCES, mkdir '/usr/local/lib/node_modules/gulp-cli'
52 verbose fstream_stack /usr/local/lib/node_modules/npm/node_modules/fstream/lib/dir-writer.js:36:23
52 verbose fstream_stack /usr/local/lib/node_modules/npm/node_modules/mkdirp/index.js:46:53
52 verbose fstream_stack Object.oncomplete (fs.js:107:15)
53 verbose cwd /Users/eduardosanchez/Desktop/ITAM-Actas/itam-angular
54 error Darwin 13.4.0
55 error argv "node" "/usr/local/bin/npm" "install" "--global" "gulp-cli"
56 error node v0.10.33
57 error npm  v2.1.10
58 error path /usr/local/lib/node_modules/gulp-cli
59 error code EACCES
60 error errno 3
61 error Error: EACCES, mkdir '/usr/local/lib/node_modules/gulp-cli'
61 error  { [Error: EACCES, mkdir '/usr/local/lib/node_modules/gulp-cli']
61 error   errno: 3,
61 error   code: 'EACCES',
61 error   path: '/usr/local/lib/node_modules/gulp-cli',
61 error   fstream_type: 'Directory',
61 error   fstream_path: '/usr/local/lib/node_modules/gulp-cli',
61 error   fstream_class: 'DirWriter',
61 error   fstream_stack:
61 error    [ '/usr/local/lib/node_modules/npm/node_modules/fstream/lib/dir-writer.js:36:23',
61 error      '/usr/local/lib/node_modules/npm/node_modules/mkdirp/index.js:46:53',
61 error      'Object.oncomplete (fs.js:107:15)' ] }
62 error Please try running this command again as root/Administrator.
63 verbose exit [ 3, true ]
64 verbose unbuild lib/node_modules/gulp-cli
65 verbose gentlyRm vacuuming /usr/local/lib/node_modules/gulp-cli
